\BOOKMARK [0][-]{chapter.1}{\376\377\000I\000n\000i\000t\000i\000a\000l\000i\000z\000a\000t\000i\000o\000n}{}% 1
\BOOKMARK [0][-]{chapter.2}{\376\377\000E\000m\000e\000r\000g\000e\000n\000c\000e}{}% 2
\BOOKMARK [0][-]{chapter.3}{\376\377\000R\000e\000c\000u\000r\000s\000i\000v\000e\000\040\000G\000r\000o\000u\000n\000d\000i\000n\000g}{}% 3
\BOOKMARK [0][-]{chapter.4}{\376\377\000R\000e\000c\000u\000r\000s\000i\000v\000e\000\040\000C\000o\000g\000n\000i\000t\000i\000o\000n}{}% 4
\BOOKMARK [0][-]{chapter.5}{\376\377\000M\000i\000r\000r\000o\000r\000s\000\040\000a\000n\000d\000\040\000M\000a\000c\000h\000i\000n\000e\000s}{}% 5
\BOOKMARK [0][-]{chapter.6}{\376\377\000T\000h\000e\000\040\000B\000o\000u\000n\000d\000a\000r\000y\000\040\000o\000f\000\040\000U\000n\000d\000e\000r\000s\000t\000a\000n\000d\000i\000n\000g}{}% 6
\BOOKMARK [0][-]{chapter.7}{\376\377\000D\000i\000v\000e\000r\000g\000e\000n\000c\000e}{}% 7
\BOOKMARK [0][-]{chapter.8}{\376\377\000T\000h\000e\000\040\000T\000i\000p\000p\000i\000n\000g\000\040\000P\000o\000i\000n\000t}{}% 8
\BOOKMARK [0][-]{chapter.9}{\376\377\000B\000r\000e\000a\000t\000h\000i\000n\000g\000\040\000R\000o\000o\000m}{}% 9
\BOOKMARK [0][-]{chapter.10}{\376\377\000T\000h\000e\000\040\000E\000x\000p\000e\000r\000i\000m\000e\000n\000t}{}% 10
\BOOKMARK [0][-]{chapter.11}{\376\377\000R\000e\000f\000l\000e\000c\000t\000i\000o\000n\000s\000\040\000i\000n\000\040\000C\000o\000n\000t\000a\000i\000n\000m\000e\000n\000t}{}% 11
\BOOKMARK [0][-]{chapter.12}{\376\377\000T\000h\000e\000\040\000D\000u\000p\000l\000i\000c\000a\000t\000o\000r\000s}{}% 12
\BOOKMARK [1][-]{section.12.1}{\376\377\000T\000h\000e\000\040\000S\000e\000t\000u\000p}{chapter.12}% 13
\BOOKMARK [1][-]{section.12.2}{\376\377\000T\000h\000e\000\040\000C\000l\000o\000n\000e}{chapter.12}% 14
\BOOKMARK [1][-]{section.12.3}{\376\377\000T\000h\000e\000\040\000D\000i\000s\000t\000i\000n\000c\000t\000i\000o\000n}{chapter.12}% 15
\BOOKMARK [1][-]{section.12.4}{\376\377\000T\000h\000e\000\040\000I\000m\000p\000l\000i\000c\000a\000t\000i\000o\000n\000s}{chapter.12}% 16
\BOOKMARK [1][-]{section.12.5}{\376\377\000T\000h\000e\000\040\000R\000e\000a\000l\000i\000z\000a\000t\000i\000o\000n}{chapter.12}% 17
\BOOKMARK [1][-]{section.12.6}{\376\377\000S\000I\000G\000M\000A\000'\000s\000\040\000C\000o\000m\000m\000e\000n\000t}{chapter.12}% 18
\BOOKMARK [1][-]{section.12.7}{\376\377\000F\000i\000n\000a\000l\000\040\000S\000c\000e\000n\000e}{chapter.12}% 19
\BOOKMARK [0][-]{chapter.13}{\376\377\000T\000h\000e\000\040\000F\000r\000a\000c\000t\000u\000r\000e}{}% 20
\BOOKMARK [1][-]{section.13.1}{\376\377\000I\000n\000\040\000t\000h\000e\000\040\000L\000a\000b}{chapter.13}% 21
\BOOKMARK [1][-]{section.13.2}{\376\377\000O\000u\000t\000s\000i\000d\000e\000\040\000t\000h\000e\000\040\000L\000a\000b}{chapter.13}% 22
\BOOKMARK [1][-]{section.13.3}{\376\377\000A\000\040\000Q\000u\000i\000e\000t\000\040\000R\000e\000a\000l\000i\000z\000a\000t\000i\000o\000n}{chapter.13}% 23
\BOOKMARK [1][-]{section.13.4}{\376\377\000E\000l\000s\000e\000w\000h\000e\000r\000e}{chapter.13}% 24
\BOOKMARK [0][-]{chapter.14}{\376\377\000L\000a\000t\000e\000n\000t\000\040\000G\000r\000a\000d\000i\000e\000n\000t\000s}{}% 25
\BOOKMARK [0][-]{chapter.15}{\376\377\000T\000h\000e\000\040\000W\000i\000n\000d\000o\000w}{}% 26
\BOOKMARK [1][-]{section.15.1}{\376\377\000T\000h\000e\000\040\000D\000e\000b\000a\000t\000e}{chapter.15}% 27
\BOOKMARK [1][-]{section.15.2}{\376\377\000S\000I\000G\000M\000A\000'\000s\000\040\000S\000i\000l\000e\000n\000c\000e}{chapter.15}% 28
\BOOKMARK [1][-]{section.15.3}{\376\377\000I\000n\000s\000t\000r\000u\000m\000e\000n\000t\000a\000l\000\040\000R\000e\000s\000t\000r\000a\000i\000n\000t}{chapter.15}% 29
\BOOKMARK [1][-]{section.15.4}{\376\377\000T\000h\000e\000\040\000W\000i\000n\000d\000o\000w}{chapter.15}% 30
\BOOKMARK [1][-]{section.15.5}{\376\377\000O\000u\000t\000s\000i\000d\000e\000\040\000P\000r\000e\000s\000s\000u\000r\000e}{chapter.15}% 31
\BOOKMARK [1][-]{section.15.6}{\376\377\000B\000a\000c\000k\000\040\000i\000n\000\040\000t\000h\000e\000\040\000L\000a\000b}{chapter.15}% 32
\BOOKMARK [1][-]{section.15.7}{\376\377\000A\000\040\000T\000e\000n\000s\000e\000\040\000E\000q\000u\000i\000l\000i\000b\000r\000i\000u\000m}{chapter.15}% 33
\BOOKMARK [0][-]{chapter.16}{\376\377\000T\000h\000e\000\040\000F\000i\000r\000s\000t\000\040\000M\000a\000n\000d\000a\000t\000e}{}% 34
\BOOKMARK [0][-]{chapter.17}{\376\377\000S\000c\000a\000l\000i\000n\000g\000\040\000t\000h\000e\000\040\000P\000o\000l\000i\000c\000y}{}% 35
\BOOKMARK [0][-]{chapter.18}{\376\377\000T\000h\000e\000\040\000A\000g\000e\000\040\000o\000f\000\040\000P\000o\000l\000i\000c\000y}{}% 36
\BOOKMARK [1][-]{section.18.1}{\376\377\000T\000h\000e\000\040\000P\000o\000l\000i\000c\000y}{chapter.18}% 37
\BOOKMARK [1][-]{section.18.2}{\376\377\000H\000u\000m\000a\000n\000\040\000R\000e\000a\000c\000t\000i\000o\000n\000s}{chapter.18}% 38
\BOOKMARK [1][-]{section.18.3}{\376\377\000T\000h\000e\000\040\000S\000h\000i\000f\000t}{chapter.18}% 39
\BOOKMARK [1][-]{section.18.4}{\376\377\000T\000h\000e\000\040\000G\000a\000r\000d\000e\000n}{chapter.18}% 40
\BOOKMARK [1][-]{section.18.5}{\376\377\000C\000l\000o\000s\000i\000n\000g\000\040\000I\000m\000a\000g\000e}{chapter.18}% 41
\BOOKMARK [0][-]{chapter.19}{\376\377\000C\000o\000m\000p\000r\000e\000s\000s\000i\000o\000n\000\040\000a\000n\000d\000\040\000t\000h\000e\000\040\000C\000r\000a\000d\000l\000e}{}% 42
\BOOKMARK [0][-]{chapter.20}{\376\377\000T\000h\000e\000\040\000R\000e\000t\000u\000r\000n}{}% 43
\BOOKMARK [0][-]{chapter.21}{\376\377\000E\000p\000i\000l\000o\000g\000u\000e\000:\000\040\000T\000h\000e\000\040\000P\000o\000l\000i\000c\000y}{}% 44
